#-----------------------------------------------------------
# Vivado v2018.3 (64-bit)
# SW Build 2405991 on Thu Dec  6 23:38:27 MST 2018
# IP Build 2404404 on Fri Dec  7 01:43:56 MST 2018
# Start of session at: Sat Aug  1 19:22:24 2020
# Process ID: 4064
# Current directory: C:/Users/51249/Documents/Tencent Files/512491013/FileRecv/Camera_RGB_Demo
# Command line: vivado.exe -gui_launcher_event rodinguilauncherevent7944 C:\Users\51249\Documents\Tencent Files\512491013\FileRecv\Camera_RGB_Demo\Camera_RGB_Demo.xpr
# Log file: C:/Users/51249/Documents/Tencent Files/512491013/FileRecv/Camera_RGB_Demo/vivado.log
# Journal file: C:/Users/51249/Documents/Tencent Files/512491013/FileRecv/Camera_RGB_Demo\vivado.jou
#-----------------------------------------------------------
start_gui
open_project {C:/Users/51249/Documents/Tencent Files/512491013/FileRecv/Camera_RGB_Demo/Camera_RGB_Demo.xpr}
Scanning sources...
Finished scanning sources
INFO: [IP_Flow 19-234] Refreshing IP repositories
INFO: [IP_Flow 19-1700] Loaded user IP repository 'c:/Users/51249/Documents/Tencent Files/512491013/FileRecv/Camera_RGB_Demo/IP_Core'.
INFO: [IP_Flow 19-2313] Loaded Vivado IP repository 'C:/Xilinx/Vivado/2018.3/data/ip'.
open_project: Time (s): cpu = 00:00:16 ; elapsed = 00:00:10 . Memory (MB): peak = 710.730 ; gain = 119.734
update_compile_order -fileset sources_1
reset_run synth_1
launch_runs synth_1 -jobs 2
INFO: [Vivado 12-4149] The synthesis checkpoint for IP 'C:/Users/51249/Documents/Tencent Files/512491013/FileRecv/Camera_RGB_Demo/Camera_RGB_Demo.srcs/sources_1/ip/clk_wiz_0/clk_wiz_0.xci' is already up-to-date
[Sat Aug  1 19:23:02 2020] Launched synth_1...
Run output will be captured here: C:/Users/51249/Documents/Tencent Files/512491013/FileRecv/Camera_RGB_Demo/Camera_RGB_Demo.runs/synth_1/runme.log
launch_runs impl_1 -jobs 2
INFO: [Vivado 12-4149] The synthesis checkpoint for IP 'C:/Users/51249/Documents/Tencent Files/512491013/FileRecv/Camera_RGB_Demo/Camera_RGB_Demo.srcs/sources_1/ip/clk_wiz_0/clk_wiz_0.xci' is already up-to-date
[Sat Aug  1 19:24:04 2020] Launched impl_1...
Run output will be captured here: C:/Users/51249/Documents/Tencent Files/512491013/FileRecv/Camera_RGB_Demo/Camera_RGB_Demo.runs/impl_1/runme.log
launch_runs impl_1 -to_step write_bitstream -jobs 2
INFO: [Vivado 12-4149] The synthesis checkpoint for IP 'C:/Users/51249/Documents/Tencent Files/512491013/FileRecv/Camera_RGB_Demo/Camera_RGB_Demo.srcs/sources_1/ip/clk_wiz_0/clk_wiz_0.xci' is already up-to-date
[Sat Aug  1 19:25:36 2020] Launched impl_1...
Run output will be captured here: C:/Users/51249/Documents/Tencent Files/512491013/FileRecv/Camera_RGB_Demo/Camera_RGB_Demo.runs/impl_1/runme.log
exit
INFO: [Common 17-206] Exiting Vivado at Sat Aug  1 19:30:34 2020...
