#-----------------------------------------------------------
# Vivado v2018.3 (64-bit)
# SW Build 2405991 on Thu Dec  6 23:38:27 MST 2018
# IP Build 2404404 on Fri Dec  7 01:43:56 MST 2018
# Start of session at: Sat Aug  1 18:25:35 2020
# Process ID: 9080
# Current directory: C:/Users/51249/Documents/Tencent Files/512491013/FileRecv/Camera_RGB_Demo
# Command line: vivado.exe -gui_launcher_event rodinguilauncherevent9744 C:\Users\51249\Documents\Tencent Files\512491013\FileRecv\Camera_RGB_Demo\Camera_Demo.xpr
# Log file: C:/Users/51249/Documents/Tencent Files/512491013/FileRecv/Camera_RGB_Demo/vivado.log
# Journal file: C:/Users/51249/Documents/Tencent Files/512491013/FileRecv/Camera_RGB_Demo\vivado.jou
#-----------------------------------------------------------
start_gui
open_project {C:/Users/51249/Documents/Tencent Files/512491013/FileRecv/Camera_RGB_Demo/Camera_Demo.xpr}
Scanning sources...
Finished scanning sources
INFO: [IP_Flow 19-234] Refreshing IP repositories
INFO: [IP_Flow 19-1700] Loaded user IP repository 'c:/Users/51249/Documents/Tencent Files/512491013/FileRecv/Camera_RGB_Demo/IP_Core'.
INFO: [IP_Flow 19-2313] Loaded Vivado IP repository 'C:/Xilinx/Vivado/2018.3/data/ip'.
open_project: Time (s): cpu = 00:00:18 ; elapsed = 00:00:10 . Memory (MB): peak = 718.090 ; gain = 115.219
update_compile_order -fileset sources_1
reset_run synth_1
update_compile_order -fileset sources_1
update_compile_order -fileset sources_1
update_compile_order -fileset sources_1
launch_runs synth_1 -jobs 2
INFO: [Vivado 12-4149] The synthesis checkpoint for IP 'C:/Users/51249/Documents/Tencent Files/512491013/FileRecv/Camera_RGB_Demo/Camera_Demo.srcs/sources_1/ip/clk_wiz_0/clk_wiz_0.xci' is already up-to-date
[Sat Aug  1 18:27:58 2020] Launched synth_1...
Run output will be captured here: C:/Users/51249/Documents/Tencent Files/512491013/FileRecv/Camera_RGB_Demo/Camera_Demo.runs/synth_1/runme.log
update_compile_order -fileset sources_1
launch_runs impl_1 -jobs 2
INFO: [Vivado 12-4149] The synthesis checkpoint for IP 'C:/Users/51249/Documents/Tencent Files/512491013/FileRecv/Camera_RGB_Demo/Camera_Demo.srcs/sources_1/ip/clk_wiz_0/clk_wiz_0.xci' is already up-to-date
[Sat Aug  1 18:29:12 2020] Launched impl_1...
Run output will be captured here: C:/Users/51249/Documents/Tencent Files/512491013/FileRecv/Camera_RGB_Demo/Camera_Demo.runs/impl_1/runme.log
launch_runs impl_1 -to_step write_bitstream -jobs 2
INFO: [Vivado 12-4149] The synthesis checkpoint for IP 'C:/Users/51249/Documents/Tencent Files/512491013/FileRecv/Camera_RGB_Demo/Camera_Demo.srcs/sources_1/ip/clk_wiz_0/clk_wiz_0.xci' is already up-to-date
[Sat Aug  1 18:30:48 2020] Launched impl_1...
Run output will be captured here: C:/Users/51249/Documents/Tencent Files/512491013/FileRecv/Camera_RGB_Demo/Camera_Demo.runs/impl_1/runme.log
open_hw
connect_hw_server
INFO: [Labtools 27-2285] Connecting to hw_server url TCP:localhost:3121
INFO: [Labtools 27-2222] Launching hw_server...
INFO: [Labtools 27-2221] Launch Output:

****** Xilinx hw_server v2018.3
  **** Build date : Dec  7 2018-00:40:27
    ** Copyright 1986-2018 Xilinx, Inc. All Rights Reserved.


open_hw_target
INFO: [Labtoolstcl 44-466] Opening hw_target localhost:3121/xilinx_tcf/Digilent/210251A08870
open_hw_target: Time (s): cpu = 00:00:05 ; elapsed = 00:00:05 . Memory (MB): peak = 1740.246 ; gain = 522.117
set_property PROGRAM.FILE {C:/Users/51249/Documents/Tencent Files/512491013/FileRecv/Camera_RGB_Demo/Camera_Demo.runs/impl_1/Camera_Demo.bit} [get_hw_devices xc7s15_0]
current_hw_device [get_hw_devices xc7s15_0]
refresh_hw_device -update_hw_probes false [lindex [get_hw_devices xc7s15_0] 0]
INFO: [Labtools 27-1435] Device xc7s15 (JTAG device index = 0) is not programmed (DONE status = 0).
set_property PROBES.FILE {} [get_hw_devices xc7s15_0]
set_property FULL_PROBES.FILE {} [get_hw_devices xc7s15_0]
set_property PROGRAM.FILE {C:/Users/51249/Documents/Tencent Files/512491013/FileRecv/Camera_RGB_Demo/Camera_Demo.runs/impl_1/Camera_Demo.bit} [get_hw_devices xc7s15_0]
program_hw_devices [get_hw_devices xc7s15_0]
INFO: [Labtools 27-3164] End of startup status: HIGH
refresh_hw_device [lindex [get_hw_devices xc7s15_0] 0]
INFO: [Labtools 27-1434] Device xc7s15 (JTAG device index = 0) is programmed with a design that has no supported debug core(s) in it.
ERROR: [Labtoolstcl 44-513] HW Target shutdown. Closing target: localhost:3121/xilinx_tcf/Digilent/210251A08870
reset_run synth_1
launch_runs synth_1 -jobs 2
INFO: [Vivado 12-4149] The synthesis checkpoint for IP 'C:/Users/51249/Documents/Tencent Files/512491013/FileRecv/Camera_RGB_Demo/Camera_Demo.srcs/sources_1/ip/clk_wiz_0/clk_wiz_0.xci' is already up-to-date
[Sat Aug  1 18:50:47 2020] Launched synth_1...
Run output will be captured here: C:/Users/51249/Documents/Tencent Files/512491013/FileRecv/Camera_RGB_Demo/Camera_Demo.runs/synth_1/runme.log
launch_runs impl_1 -jobs 2
INFO: [Vivado 12-4149] The synthesis checkpoint for IP 'C:/Users/51249/Documents/Tencent Files/512491013/FileRecv/Camera_RGB_Demo/Camera_Demo.srcs/sources_1/ip/clk_wiz_0/clk_wiz_0.xci' is already up-to-date
[Sat Aug  1 18:53:09 2020] Launched impl_1...
Run output will be captured here: C:/Users/51249/Documents/Tencent Files/512491013/FileRecv/Camera_RGB_Demo/Camera_Demo.runs/impl_1/runme.log
launch_runs impl_1 -to_step write_bitstream -jobs 2
INFO: [Vivado 12-4149] The synthesis checkpoint for IP 'C:/Users/51249/Documents/Tencent Files/512491013/FileRecv/Camera_RGB_Demo/Camera_Demo.srcs/sources_1/ip/clk_wiz_0/clk_wiz_0.xci' is already up-to-date
[Sat Aug  1 18:54:46 2020] Launched impl_1...
Run output will be captured here: C:/Users/51249/Documents/Tencent Files/512491013/FileRecv/Camera_RGB_Demo/Camera_Demo.runs/impl_1/runme.log
INFO: [Labtoolstcl 44-466] Opening hw_target localhost:3121/xilinx_tcf/Digilent/210251A08870
INFO: [Labtools 27-1435] Device xc7s15 (JTAG device index = 0) is not programmed (DONE status = 0).
WARNING: [Labtoolstcl 44-129] No matching hw_ila_data was found.
set_property PROBES.FILE {} [get_hw_devices xc7s15_0]
set_property FULL_PROBES.FILE {} [get_hw_devices xc7s15_0]
set_property PROGRAM.FILE {C:/Users/51249/Documents/Tencent Files/512491013/FileRecv/Camera_RGB_Demo/Camera_Demo.runs/impl_1/Camera_Demo.bit} [get_hw_devices xc7s15_0]
program_hw_devices [get_hw_devices xc7s15_0]
INFO: [Labtools 27-3164] End of startup status: HIGH
refresh_hw_device [lindex [get_hw_devices xc7s15_0] 0]
INFO: [Labtools 27-1434] Device xc7s15 (JTAG device index = 0) is programmed with a design that has no supported debug core(s) in it.
ERROR: [Labtoolstcl 44-513] HW Target shutdown. Closing target: localhost:3121/xilinx_tcf/Digilent/210251A08870
INFO: [Labtoolstcl 44-466] Opening hw_target localhost:3121/xilinx_tcf/Digilent/210251A08870
INFO: [Labtools 27-1434] Device xc7s15 (JTAG device index = 0) is programmed with a design that has no supported debug core(s) in it.
WARNING: [Labtoolstcl 44-129] No matching hw_ila_data was found.
ERROR: [Labtoolstcl 44-513] HW Target shutdown. Closing target: localhost:3121/xilinx_tcf/Digilent/210251A08870
update_compile_order -fileset sources_1
update_compile_order -fileset sources_1
exit
INFO: [Common 17-206] Exiting Vivado at Sat Aug  1 19:20:16 2020...
